<?xml version="1.0" encoding="UTF-8"?>
<!-- Generated by org.testng.reporters.JUnitReportReporter -->
<testsuite hostname="L-2357" name="com.myntra.test.hybridframework.testcases.TestAmazonMainWebpage" tests="1" failures="0" timestamp="5 Jun 2018 06:37:47 GMT" time="14.568" errors="0">
  <testcase name="testSignIn" time="14.568" classname="com.myntra.test.hybridframework.testcases.TestAmazonMainWebpage"/>
</testsuite> <!-- com.myntra.test.hybridframework.testcases.TestAmazonMainWebpage -->
